Build started 3/31/2016 12:29:48 AM.
     1>Project "C:\Users\Oran\Desktop\MethodsProject\ConsoleApplicationEx1\Label\Label.vcxproj" on node 2 (Build target(s)).
     1>ClCompile:
         C:\Program Files (x86)\Microsoft Visual Studio 12.0\VC\bin\CL.exe /c /ZI /nologo /W3 /WX- /sdl /Od /Oy- /D WIN32 /D _DEBUG /D _CONSOLE /D _LIB /D _UNICODE /D UNICODE /Gm /EHsc /RTC1 /MDd /GS /fp:precise /Zc:wchar_t /Zc:forScope /Fo"Debug\\" /Fd"Debug\vc120.pdb" /Gd /TP /analyze- /errorReport:prompt Form.cpp main.cpp
         main.cpp
     1>c:\users\oran\desktop\methodsproject\consoleapplicationex1\label\form.h(7): fatal error C1083: Cannot open include file: 'TextBox.h': No such file or directory
         Form.cpp
     1>c:\users\oran\desktop\methodsproject\consoleapplicationex1\label\form.h(7): fatal error C1083: Cannot open include file: 'TextBox.h': No such file or directory
         Generating Code...
     1>Done Building Project "C:\Users\Oran\Desktop\MethodsProject\ConsoleApplicationEx1\Label\Label.vcxproj" (Build target(s)) -- FAILED.

Build FAILED.

Time Elapsed 00:00:02.44
